Arguments: 
  /Users/fong/.nvm/versions/node/v8.11.2/bin/node /usr/local/Cellar/yarn/1.6.0/libexec/bin/yarn.js add routing-controllers koakoa-router koa-bodyparser koa-multer

PATH: 
  /Users/fong/.nvm/versions/node/v8.11.2/bin:/usr/local/bin:/usr/bin:/bin:/usr/sbin:/sbin:/usr/local/bin

Yarn version: 
  1.6.0

Node version: 
  8.11.2

Platform: 
  darwin x64

Trace: 
  Error: https://registry.yarnpkg.com/koakoa-router: Not found
      at Request.params.callback [as _callback] (/usr/local/Cellar/yarn/1.6.0/libexec/lib/cli.js:65327:18)
      at Request.self.callback (/usr/local/Cellar/yarn/1.6.0/libexec/lib/cli.js:133155:22)
      at emitTwo (events.js:126:13)
      at Request.emit (events.js:214:7)
      at Request.<anonymous> (/usr/local/Cellar/yarn/1.6.0/libexec/lib/cli.js:134138:10)
      at emitOne (events.js:116:13)
      at Request.emit (events.js:211:7)
      at IncomingMessage.<anonymous> (/usr/local/Cellar/yarn/1.6.0/libexec/lib/cli.js:134058:12)
      at Object.onceWrapper (events.js:313:30)
      at emitNone (events.js:111:20)

npm manifest: 
  {
    "name": "server",
    "version": "1.0.0",
    "main": "index.js",
    "license": "MIT"
  }

yarn manifest: 
  No manifest

Lockfile: 
  No lockfile
